C51 COMPILER V9.60.0.0   MAIN                                                              11/04/2021 12:36:43 PAGE 1   


C51 COMPILER V9.60.0.0, COMPILATION OF MODULE MAIN
OBJECT MODULE PLACED IN .\Objects\main.obj
COMPILER INVOKED BY: C:\PIR\Keil_v5\C51\BIN\C51.EXE main.c OPTIMIZE(8,SPEED) BROWSE DEBUG OBJECTEXTEND PRINT(.\Listings\
                    -main.lst) TABS(2) OBJECT(.\Objects\main.obj)

line level    source

   1          #include <reg51.h>
   2           
   3          sbit be_A = P1^0;
   4          sbit be_B = P1^1;
   5          sbit be_C = P1^2;
   6          sbit be_D = P1^3;
   7          sbit be_E = P1^4;
   8          
   9          sbit F = P0^0;
  10          
  11          void main(void){
  12   1        P1=00;
  13   1        P0=00;
  14   1        
  15   1        do{
  16   2          F = ( (~be_A) & (~be_D) ) | ( (~be_E) & (be_A) ) | ( (be_E) & (~be_B) );
  17   2        }while(1);
  18   1        
  19   1      }


MODULE INFORMATION:   STATIC OVERLAYABLE
   CODE SIZE        =     30    ----
   CONSTANT SIZE    =   ----    ----
   XDATA SIZE       =   ----    ----
   PDATA SIZE       =   ----    ----
   DATA SIZE        =   ----    ----
   IDATA SIZE       =   ----    ----
   BIT SIZE         =   ----    ----
END OF MODULE INFORMATION.


C51 COMPILATION COMPLETE.  0 WARNING(S),  0 ERROR(S)
