C51 COMPILER V9.60.0.0   MAIN                                                              11/21/2021 15:37:14 PAGE 1   


C51 COMPILER V9.60.0.0, COMPILATION OF MODULE MAIN
OBJECT MODULE PLACED IN .\Objects\main.obj
COMPILER INVOKED BY: C:\PIR\Keil_v5\C51\BIN\C51.EXE main.c OPTIMIZE(8,SPEED) BROWSE DEBUG OBJECTEXTEND PRINT(.\Listings\
                    -main.lst) TABS(2) OBJECT(.\Objects\main.obj)

line level    source

   1          #include <reg51.h>
   2          
   3          sbit G1 = P1^0;
   4          sbit G2 = P1^1;
   5          
   6          bit kapcsolt = 0;
   7          
   8          void initInterrupt(void);
   9          void initTimer0(void);
  10          void autoOff(void);
  11          
  12          unsigned int timerCounter = 0;
  13          
  14          void main(void){
  15   1          
  16   1          P1=00;
  17   1          
  18   1          initInterrupt();
  19   1          initTimer0();
  20   1          
  21   1          
  22   1          while(1){
  23   2            
  24   2            if(  !(kapcsolt) && (G1 ^ G2) ){
  25   3              TR0=1;    
  26   3              kapcsolt = 1;
  27   3            }
  28   2            
  29   2            if( kapcsolt && G1 && G2 ){
  30   3              TR0=0;
  31   3              kapcsolt = 0;
  32   3            }
  33   2          
  34   2          }
  35   1          
  36   1      }
  37          
  38          void initInterrupt(void){
  39   1        EA = 1;
  40   1        ET0 = 1;
  41   1      }
  42          void initTimer0(void){
  43   1        TMOD = 0x02;
  44   1        
  45   1        TH0 = 56;
  46   1        TL0=0;
  47   1        
  48   1        //timerCounter = 2500;
  49   1        timerCounter = 10000;
  50   1      }
  51          
  52          void autoOff(void){
  53   1        TR0=0;
  54   1        P1=00;
C51 COMPILER V9.60.0.0   MAIN                                                              11/21/2021 15:37:14 PAGE 2   

  55   1        timerCounter = 10000;
  56   1        TL0=00;
  57   1        kapcsolt = 0;
  58   1      }
  59          
  60          void isrTimer0(void) interrupt 1{
  61   1        
  62   1        if( timerCounter ){
  63   2          timerCounter--;
  64   2        }else{
  65   2          autoOff();
  66   2        }
  67   1      
  68   1      }


MODULE INFORMATION:   STATIC OVERLAYABLE
   CODE SIZE        =    100    ----
   CONSTANT SIZE    =   ----    ----
   XDATA SIZE       =   ----    ----
   PDATA SIZE       =   ----    ----
   DATA SIZE        =      2    ----
   IDATA SIZE       =   ----    ----
   BIT SIZE         =      1    ----
END OF MODULE INFORMATION.


C51 COMPILATION COMPLETE.  0 WARNING(S),  0 ERROR(S)
