A51 MACRO ASSEMBLER  STARTUP                                                              10/26/2021 20:23:42 PAGE     1


MACRO ASSEMBLER A51 V8.2.7.0
OBJECT MODULE PLACED IN .\Objects\STARTUP.obj
ASSEMBLER INVOKED BY: C:\PIR\Keil_v5\C51\BIN\A51.EXE STARTUP.A51 SET(SMALL) DEBUG PRINT(.\Listings\STARTUP.lst) OBJECT(.
                      \Objects\STARTUP.obj) EP

LOC  OBJ            LINE     SOURCE

                       1             
                       2     
                       3     
                       4     
                       5     
                       6     
                       7     
                       8     
                       9     
                      10     
                      11     
                      12     
                      13     
                      14     
                      15     
                      16     
                      17     
                      18     
                      19     
                      20     
                      21     
                      22     
                      23             
----                  24             CSEG    AT      0000H
0000 020030           25             LJMP    0030H
----                  26             CSEG    AT      0030H
                      27             
                      28             
                      29             
                      30             
                      31             
0030 12004E           32             LCALL   S_ENABLE_INTERUP
0033 120053           33             LCALL   S_INIT_TIMER0_200U
                      34             
0036 759000           35             MOV     P1,#00H
                      36             
                      37             
0039                  38     CHECK_BUTTON:
                      39     
0039 E590             40             MOV     A,P1
003B 5403             41             ANL     A,#03H
                      42             
003D F580             43             MOV     P0,A
                      44             
003F 020039           45             LJMP    CHECK_BUTTON
                      46             
                      47             
0042                  48     END_OF_PROGRAM:
0042 020042           49             LJMP    END_OF_PROGRAM
                      50            
0045                  51     ISR_TIMER0_OVERFLOW:
0045 DD06             52             DJNZ    R5,ISR_TIMER0_OVERFLOW_END
0047 7D64             53             MOV     R5,#64H
0049 DE02             54             DJNZ    R6,ISR_TIMER0_OVERFLOW_END
004B 7E10             55             MOV     R6,#10H
                      56             
                      57             ;LCALL   AUTOOFF
A51 MACRO ASSEMBLER  STARTUP                                                              10/26/2021 20:23:42 PAGE     2

                      58     
004D                  59     ISR_TIMER0_OVERFLOW_END:        
004D 32               60             RETI
                      61            
004E                  62     S_ENABLE_INTERUP:
                      63             
004E D2AF             64             SETB    EA
0050 D2A9             65             SETB    ET0
                      66             
0052 22               67             RET
                      68             
0053                  69     S_INIT_TIMER0_200U:
0053 53890F           70             ANL     TMOD, #0FH
0056 438902           71             ORL     TMOD, #00000010B
                      72             
0059 758C38           73             MOV     TH0,#38H
                      74             
005C 7D64             75             MOV     R5,#64H
005E 7E10             76             MOV     R6,#10H
                      77             
                      78     
0060 22               79             RET
                      80             
                      81             END
A51 MACRO ASSEMBLER  STARTUP                                                              10/26/2021 20:23:42 PAGE     3

SYMBOL TABLE LISTING
------ ----- -------


N A M E                  T Y P E  V A L U E   ATTRIBUTES

CHECK_BUTTON. . . . . .  C ADDR   0039H   A   
EA. . . . . . . . . . .  B ADDR   00A8H.7 A   
END_OF_PROGRAM. . . . .  C ADDR   0042H   A   
ET0 . . . . . . . . . .  B ADDR   00A8H.1 A   
ISR_TIMER0_OVERFLOW . .  C ADDR   0045H   A   
ISR_TIMER0_OVERFLOW_END  C ADDR   004DH   A   
P0. . . . . . . . . . .  D ADDR   0080H   A   
P1. . . . . . . . . . .  D ADDR   0090H   A   
S_ENABLE_INTERUP. . . .  C ADDR   004EH   A   
S_INIT_TIMER0_200U. . .  C ADDR   0053H   A   
TH0 . . . . . . . . . .  D ADDR   008CH   A   
TMOD. . . . . . . . . .  D ADDR   0089H   A   


REGISTER BANK(S) USED: 0 


ASSEMBLY COMPLETE.  0 WARNING(S), 0 ERROR(S)
