C51 COMPILER V9.60.0.0   MAIN                                                              11/03/2021 14:53:11 PAGE 1   


C51 COMPILER V9.60.0.0, COMPILATION OF MODULE MAIN
OBJECT MODULE PLACED IN .\Objects\main.obj
COMPILER INVOKED BY: C:\PIR\Keil_v5\C51\BIN\C51.EXE main.c OPTIMIZE(8,SPEED) BROWSE DEBUG OBJECTEXTEND PRINT(.\Listings\
                    -main.lst) TABS(2) OBJECT(.\Objects\main.obj)

line level    source

   1          #include <reg51.h>
   2          
   3          sbit bA = P1^0;
   4          sbit bB = P1^1;
   5          sbit bC = P1^2;
   6          sbit bD = P1^3;
   7          
   8          sbit sziv1 = P0^0;
   9          sbit sziv2 = P0^1;
  10          sbit lamp = P0^2;
  11          
  12          void main(void){
  13   1        P1=00;
  14   1        P0=00;
  15   1      
  16   1        do{
  17   2          
  18   2          sziv1 = (bA&~bB&~bC&~bD)| (~bA&bB&~bC&~bD) | (~bA&~bB&bC&~bD) | (bA&bB&bC&~bD) | (~bA&~bB&~bC&bD) | (b
             -A&bB&~bC&bD) | (bA&~bB&bC&bD) | (~bA&bB&bC&bD) | (bA&bB&bC&bD);
  19   2          
  20   2          sziv2 = (bB&bA) | (bC&bA) | (bC&bB) | (bD&bA) | (bD&bB) | (bD&bC);
  21   2          
  22   2          lamp = (bA&bB&bC&bD);
  23   2          
  24   2        }while(1);
  25   1      
  26   1      }


MODULE INFORMATION:   STATIC OVERLAYABLE
   CODE SIZE        =    172    ----
   CONSTANT SIZE    =   ----    ----
   XDATA SIZE       =   ----    ----
   PDATA SIZE       =   ----    ----
   DATA SIZE        =   ----    ----
   IDATA SIZE       =   ----    ----
   BIT SIZE         =   ----    ----
END OF MODULE INFORMATION.


C51 COMPILATION COMPLETE.  0 WARNING(S),  0 ERROR(S)
